<?xml version="1.0" encoding="UTF-8"?>
<testsuites>
  <testsuite name="Tests" tests="1" assertions="1" errors="0" failures="0" skipped="0" time="1.475084">
    <testsuite name="DeveloperStatus\Tests\DeveloperStatusTest" file="C:\xampp\htdocs\DeveloperStatus\tests\DeveloperStatusTest.php" tests="1" assertions="1" errors="0" failures="0" skipped="0" time="1.475084">
      <testcase name="testGetDeveloperStatus" class="DeveloperStatus\Tests\DeveloperStatusTest" classname="DeveloperStatus.Tests.DeveloperStatusTest" file="C:\xampp\htdocs\DeveloperStatus\tests\DeveloperStatusTest.php" line="31" assertions="1" time="1.475084">
        <system-out>Running Test! DeveloperStatus\Tests\DeveloperStatusTest::testGetDeveloperStatus
Damn It!!! Please make the word a better place, Oh Ye Prodigal Junior Developer
Done!</system-out>
      </testcase>
    </testsuite>
  </testsuite>
</testsuites>
