<?xml version="1.0" encoding="UTF-8"?>
<testsuites>
  <testsuite name="Tests" tests="1" assertions="0" errors="1" failures="0" skipped="0" time="1.568090">
    <testsuite name="DeveloperStatus\Tests\DeveloperStatusTest" file="C:\xampp\htdocs\DeveloperStatus\tests\DeveloperStatusTest.php" tests="1" assertions="0" errors="1" failures="0" skipped="0" time="1.568090">
      <testcase name="testTrueIsTrue" class="DeveloperStatus\Tests\DeveloperStatusTest" classname="DeveloperStatus.Tests.DeveloperStatusTest" file="C:\xampp\htdocs\DeveloperStatus\tests\DeveloperStatusTest.php" line="30" assertions="0" time="1.568090">
        <error type="GuzzleHttp\Exception\ClientException">DeveloperStatus\Tests\DeveloperStatusTest::testTrueIsTrue
GuzzleHttp\Exception\ClientException: Client error: `GET https://api.github.com/users/babs10000` resulted in a `404 Not Found` response:
{
  "message": "Not Found",
  "documentation_url": "https://developer.github.com/v3/users/#get-a-single-user"
}



C:\xampp\htdocs\DeveloperStatus\vendor\guzzlehttp\guzzle\src\Exception\RequestException.php:113
C:\xampp\htdocs\DeveloperStatus\vendor\guzzlehttp\guzzle\src\Middleware.php:66
C:\xampp\htdocs\DeveloperStatus\vendor\guzzlehttp\promises\src\Promise.php:203
C:\xampp\htdocs\DeveloperStatus\vendor\guzzlehttp\promises\src\Promise.php:156
C:\xampp\htdocs\DeveloperStatus\vendor\guzzlehttp\promises\src\TaskQueue.php:47
C:\xampp\htdocs\DeveloperStatus\vendor\guzzlehttp\promises\src\Promise.php:246
C:\xampp\htdocs\DeveloperStatus\vendor\guzzlehttp\promises\src\Promise.php:223
C:\xampp\htdocs\DeveloperStatus\vendor\guzzlehttp\promises\src\Promise.php:267
C:\xampp\htdocs\DeveloperStatus\vendor\guzzlehttp\promises\src\Promise.php:225
C:\xampp\htdocs\DeveloperStatus\vendor\guzzlehttp\promises\src\Promise.php:62
C:\xampp\htdocs\DeveloperStatus\vendor\guzzlehttp\guzzle\src\Client.php:131
C:\xampp\htdocs\DeveloperStatus\vendor\guzzlehttp\guzzle\src\Client.php:89
C:\xampp\htdocs\DeveloperStatus\src\DeveloperStatus.php:36
C:\xampp\htdocs\DeveloperStatus\tests\DeveloperStatusTest.php:34
</error>
      </testcase>
    </testsuite>
  </testsuite>
</testsuites>
